<html>
<head>
<title>TestNG:  Smoke_Test</title>
<link href="../testng.css" rel="stylesheet" type="text/css" />
<link href="../my-testng.css" rel="stylesheet" type="text/css" />

<style type="text/css">
.log { display: none;} 
.stack-trace { display: none;} 
</style>
<script type="text/javascript">
<!--
function flip(e) {
  current = e.style.display;
  if (current == 'block') {
    e.style.display = 'none';
    return 0;
  }
  else {
    e.style.display = 'block';
    return 1;
  }
}

function toggleBox(szDivId, elem, msg1, msg2)
{
  var res = -1;  if (document.getElementById) {
    res = flip(document.getElementById(szDivId));
  }
  else if (document.all) {
    // this is the way old msie versions work
    res = flip(document.all[szDivId]);
  }
  if(elem) {
    if(res == 0) elem.innerHTML = msg1; else elem.innerHTML = msg2;
  }

}

function toggleAllBoxes() {
  if (document.getElementsByTagName) {
    d = document.getElementsByTagName('div');
    for (i = 0; i < d.length; i++) {
      if (d[i].className == 'log') {
        flip(d[i]);
      }
    }
  }
}

// -->
</script>

</head>
<body>
<h2 align='center'>Smoke_Test</h2><table border='1' align="center">
<tr>
<td>Tests passed/Failed/Skipped:</td><td>6/1/0</td>
</tr><tr>
<td>Started on:</td><td>Thu Jan 23 23:10:51 IST 2025</td>
</tr>
<tr><td>Total time:</td><td>30 seconds (30533 ms)</td>
</tr><tr>
<td>Included groups:</td><td></td>
</tr><tr>
<td>Excluded groups:</td><td></td>
</tr>
</table><p/>
<small><i>(Hover the method name to see the test class name)</i></small><p/>
<table width='100%' border='1' class='invocation-failed'>
<tr><td colspan='4' align='center'><b>FAILED TESTS</b></td></tr>
<tr><td><b>Test method</b></td>
<td><b>Attribute(s)</b></td>
<td width="30%"><b>Exception</b></td>
<td width="10%"><b>Time (seconds)</b></td>
<td><b>Instance</b></td>
</tr>
<tr>
<td title='RonaldFredrick_Automation.SeleniumFrameWork_Implementation.ShoppingCart_Validation_Add_to_Cart.Add_productTo_cart()'><b>Add_productTo_cart</b><br>Test class: RonaldFredrick_Automation.SeleniumFrameWork_Implementation.ShoppingCart_Validation_Add_to_Cart</td>
<td><div><pre>org.testng.TestNGException: 
Cannot inject @Test annotated Method [Add_productTo_cart] with [class java.lang.String, class java.lang.String].
For more information on native dependency injection please refer to https://testng.org/#_dependency_injection
	at java.base/java.util.ArrayList.forEach(ArrayList.java:1511)
... Removed 26 stack frames</pre></div><a href='#' onClick='toggleBox("stack-trace9983638", this, "Click to show all stack frames", "Click to hide stack frames")'>Click to show all stack frames</a>
<div class='stack-trace' id='stack-trace9983638'><pre>org.testng.TestNGException: 
Cannot inject @Test annotated Method [Add_productTo_cart] with [class java.lang.String, class java.lang.String].
For more information on native dependency injection please refer to https://testng.org/#_dependency_injection
	at org.testng.internal.Parameters.checkParameterTypes(Parameters.java:442)
	at org.testng.internal.Parameters.createParametersForMethod(Parameters.java:347)
	at org.testng.internal.Parameters.createParameters(Parameters.java:699)
	at org.testng.internal.Parameters.handleParameters(Parameters.java:885)
	at org.testng.internal.Parameters.handleParameters(Parameters.java:734)
	at org.testng.internal.invokers.ParameterHandler.handleParameters(ParameterHandler.java:72)
	at org.testng.internal.invokers.ParameterHandler.createParameters(ParameterHandler.java:51)
	at org.testng.internal.invokers.TestInvoker$MethodInvocationAgent.invoke(TestInvoker.java:946)
	at org.testng.internal.invokers.TestInvoker.invokeTestMethods(TestInvoker.java:203)
	at org.testng.internal.invokers.TestMethodWorker.invokeTestMethods(TestMethodWorker.java:154)
	at org.testng.internal.invokers.TestMethodWorker.run(TestMethodWorker.java:134)
	at java.base/java.util.ArrayList.forEach(ArrayList.java:1511)
	at org.testng.TestRunner.privateRun(TestRunner.java:739)
	at org.testng.TestRunner.run(TestRunner.java:614)
	at org.testng.SuiteRunner.runTest(SuiteRunner.java:421)
	at org.testng.SuiteRunner.runSequentially(SuiteRunner.java:413)
	at org.testng.SuiteRunner.privateRun(SuiteRunner.java:373)
	at org.testng.SuiteRunner.run(SuiteRunner.java:312)
	at org.testng.SuiteRunnerWorker.runSuite(SuiteRunnerWorker.java:52)
	at org.testng.SuiteRunnerWorker.run(SuiteRunnerWorker.java:95)
	at org.testng.TestNG.runSuitesSequentially(TestNG.java:1274)
	at org.testng.TestNG.runSuitesLocally(TestNG.java:1208)
	at org.testng.TestNG.runSuites(TestNG.java:1112)
	at org.testng.TestNG.run(TestNG.java:1079)
	at org.testng.remote.AbstractRemoteTestNG.run(AbstractRemoteTestNG.java:115)
	at org.testng.remote.RemoteTestNG.initAndRun(RemoteTestNG.java:293)
	at org.testng.remote.RemoteTestNG.main(RemoteTestNG.java:91)
</pre></div></td>
<td>0</td>
<td>RonaldFredrick_Automation.SeleniumFrameWork_Implementation.ShoppingCart_Validation_Add_to_Cart@1d296da</td></tr>
</table><p>
<table width='100%' border='1' class='invocation-passed'>
<tr><td colspan='4' align='center'><b>PASSED TESTS</b></td></tr>
<tr><td><b>Test method</b></td>
<td><b>Attribute(s)</b></td>
<td width="30%"><b>Exception</b></td>
<td width="10%"><b>Time (seconds)</b></td>
<td><b>Instance</b></td>
</tr>
<tr>
<td title='RonaldFredrick_Automation.SeleniumFrameWork_Implementation.ShoppingCart_Validation_add_And_Delete.Add_and_Delete_Product_From_Cart()'><b>Add_and_Delete_Product_From_Cart</b><br>Test class: RonaldFredrick_Automation.SeleniumFrameWork_Implementation.ShoppingCart_Validation_add_And_Delete<br>Parameters: anshika@gmail.com, Iamking@000, qwerty</td>
<td></td>
<td>7</td>
<td>RonaldFredrick_Automation.SeleniumFrameWork_Implementation.ShoppingCart_Validation_add_And_Delete@5c6648b0</td></tr>
<tr>
<td title='RonaldFredrick_Automation.SeleniumFrameWork_Implementation.UserRegistration_Validation.registration_Validation()'><b>registration_Validation</b><br>Test class: RonaldFredrick_Automation.SeleniumFrameWork_Implementation.UserRegistration_Validation</td>
<td></td>
<td>3</td>
<td>RonaldFredrick_Automation.SeleniumFrameWork_Implementation.UserRegistration_Validation@75d4a5c2</td></tr>
<tr>
<td title='RonaldFredrick_Automation.SeleniumFrameWork_Implementation.ShoppingCart_Validation_add_And_Delete.Add_and_Delete_Product_From_Cart()'><b>Add_and_Delete_Product_From_Cart</b><br>Test class: RonaldFredrick_Automation.SeleniumFrameWork_Implementation.ShoppingCart_Validation_add_And_Delete<br>Parameters: samicex570@hdrlog.com, Password@123, Banarsi Saree</td>
<td></td>
<td>4</td>
<td>RonaldFredrick_Automation.SeleniumFrameWork_Implementation.ShoppingCart_Validation_add_And_Delete@5c6648b0</td></tr>
<tr>
<td title='RonaldFredrick_Automation.SeleniumFrameWork_Implementation.UserAuthentication_Validation_Valid.validLogin()'><b>validLogin</b><br>Test class: RonaldFredrick_Automation.SeleniumFrameWork_Implementation.UserAuthentication_Validation_Valid<br>Parameters: samicex570@hdrlog.com, Password@123</td>
<td></td>
<td>0</td>
<td>RonaldFredrick_Automation.SeleniumFrameWork_Implementation.UserAuthentication_Validation_Valid@776aec5c</td></tr>
<tr>
<td title='RonaldFredrick_Automation.SeleniumFrameWork_Implementation.UserAuthentication_Validation_Valid.validLogin()'><b>validLogin</b><br>Test class: RonaldFredrick_Automation.SeleniumFrameWork_Implementation.UserAuthentication_Validation_Valid<br>Parameters: anshika@gmail.com, Iamking@000</td>
<td></td>
<td>0</td>
<td>RonaldFredrick_Automation.SeleniumFrameWork_Implementation.UserAuthentication_Validation_Valid@776aec5c</td></tr>
<tr>
<td title='RonaldFredrick_Automation.SeleniumFrameWork_Implementation.UserAuthentication_Validation_Invalid.inValidLogin()'><b>inValidLogin</b><br>Test class: RonaldFredrick_Automation.SeleniumFrameWork_Implementation.UserAuthentication_Validation_Invalid</td>
<td></td>
<td>1</td>
<td>RonaldFredrick_Automation.SeleniumFrameWork_Implementation.UserAuthentication_Validation_Invalid@7c7a06ec</td></tr>
</table><p>
</body>
</html>