<?xml version="1.0" encoding="UTF-8"?>
<!-- Generated by org.testng.reporters.JUnitXMLReporter -->
<testsuite ignored="0" hostname="PeaceLover" failures="1" tests="7" name="Smoke_Test" time="30.533" errors="0" timestamp="2025-01-23T23:11:21 IST">
  <testcase classname="RonaldFredrick_Automation.SeleniumFrameWork_Implementation.ShoppingCart_Validation_add_And_Delete" name="Add_and_Delete_Product_From_Cart" time="7.202"/>
  <testcase classname="RonaldFredrick_Automation.SeleniumFrameWork_Implementation.ShoppingCart_Validation_add_And_Delete" name="Add_and_Delete_Product_From_Cart" time="4.333"/>
  <testcase classname="RonaldFredrick_Automation.SeleniumFrameWork_Implementation.UserAuthentication_Validation_Valid" name="validLogin" time="0.39"/>
  <testcase classname="RonaldFredrick_Automation.SeleniumFrameWork_Implementation.UserAuthentication_Validation_Valid" name="validLogin" time="0.408"/>
  <testcase classname="RonaldFredrick_Automation.SeleniumFrameWork_Implementation.ShoppingCart_Validation_Add_to_Cart" name="Add_productTo_cart" time="0.0">
    <failure type="org.testng.TestNGException" message="
Cannot inject @Test annotated Method [Add_productTo_cart] with [class java.lang.String, class java.lang.String].
For more information on native dependency injection please refer to https://testng.org/#_dependency_injection">
      <![CDATA[org.testng.TestNGException: 
Cannot inject @Test annotated Method [Add_productTo_cart] with [class java.lang.String, class java.lang.String].
For more information on native dependency injection please refer to https://testng.org/#_dependency_injection
at java.base/java.util.ArrayList.forEach(ArrayList.java:1511)
... Removed 26 stack frames]]>
    </failure>
  </testcase> <!-- Add_productTo_cart -->
  <testcase classname="RonaldFredrick_Automation.SeleniumFrameWork_Implementation.UserAuthentication_Validation_Invalid" name="inValidLogin" time="1.469"/>
  <testcase classname="RonaldFredrick_Automation.SeleniumFrameWork_Implementation.UserRegistration_Validation" name="registration_Validation" time="3.446"/>
</testsuite> <!-- Smoke_Test -->
